<?xml version="1.0" encoding="UTF-8"?>
<!-- Generated by org.testng.reporters.JUnitReportReporter -->
<testsuite hostname="DESKTOP-HAIIK4K" failures="0" tests="2" name="com.stepDefinition.TestRunner2" time="27.184" errors="0" timestamp="2025-10-21T07:52:38 IST" skipped="0">
  <testcase classname="com.stepDefinition.TestRunner2" name="runScenario" time="21.769"/>
  <testcase classname="com.stepDefinition.TestRunner2" name="runScenario" time="5.415"/>
</testsuite> <!-- com.stepDefinition.TestRunner2 -->
