<?xml version="1.0" encoding="UTF-8"?>
<!-- Generated by org.testng.reporters.JUnitReportReporter -->
<testsuite hostname="DESKTOP-HAIIK4K" failures="0" tests="4" name="com.stepDefinition.TestRunner" time="0.256" errors="0" timestamp="2025-10-15T09:00:56 IST" skipped="0">
  <testcase classname="com.stepDefinition.TestRunner" name="runScenario" time="0.014"/>
  <testcase classname="com.stepDefinition.TestRunner" name="runScenario" time="0.217"/>
  <testcase classname="com.stepDefinition.TestRunner" name="runScenario" time="0.013"/>
  <testcase classname="com.stepDefinition.TestRunner" name="runScenario" time="0.012"/>
</testsuite> <!-- com.stepDefinition.TestRunner -->
