<?xml version="1.0" encoding="UTF-8"?>
<!-- Generated by org.testng.reporters.JUnitReportReporter -->
<testsuite hostname="DESKTOP-HAIIK4K" failures="0" tests="2" name="com.stepDefinition.TestRunner" time="0.243" errors="2" timestamp="2025-10-21T07:50:29 IST" skipped="0">
  <testcase classname="com.stepDefinition.TestRunner" name="runScenario" time="0.229">
    <error message="The step &#039;user enters standard_user and secret_sauce&#039; is undefined.
You can implement this step using the snippet(s) below:

@When(&quot;user enters standard_user and secret_sauce&quot;)
public void user_enters_standard_user_and_secret_sauce() {
    // Write code here that turns the phrase above into concrete actions
    throw new io.cucumber.java.PendingException();
}
" type="io.cucumber.testng.UndefinedStepException">
      <![CDATA[io.cucumber.testng.UndefinedStepException: The step 'user enters standard_user and secret_sauce' is undefined.
You can implement this step using the snippet(s) below:

@When("user enters standard_user and secret_sauce")
public void user_enters_standard_user_and_secret_sauce() {
    // Write code here that turns the phrase above into concrete actions
    throw new io.cucumber.java.PendingException();
}

at ✽.user enters standard_user and secret_sauce(file:///C:/Users/PC/git/cucumberframewokrepository/Cucumberframework/src/test/resources/Features/Login.feature:10)
]]>
    </error>
  </testcase> <!-- runScenario -->
  <testcase classname="com.stepDefinition.TestRunner" name="runScenario" time="0.014">
    <error message="The step &#039;user enters locked_out_user and secret_sauce&#039; is undefined.
You can implement this step using the snippet(s) below:

@When(&quot;user enters locked_out_user and secret_sauce&quot;)
public void user_enters_locked_out_user_and_secret_sauce() {
    // Write code here that turns the phrase above into concrete actions
    throw new io.cucumber.java.PendingException();
}
" type="io.cucumber.testng.UndefinedStepException">
      <![CDATA[io.cucumber.testng.UndefinedStepException: The step 'user enters locked_out_user and secret_sauce' is undefined.
You can implement this step using the snippet(s) below:

@When("user enters locked_out_user and secret_sauce")
public void user_enters_locked_out_user_and_secret_sauce() {
    // Write code here that turns the phrase above into concrete actions
    throw new io.cucumber.java.PendingException();
}

at ✽.user enters locked_out_user and secret_sauce(file:///C:/Users/PC/git/cucumberframewokrepository/Cucumberframework/src/test/resources/Features/Login.feature:24)
]]>
    </error>
  </testcase> <!-- runScenario -->
</testsuite> <!-- com.stepDefinition.TestRunner -->
